<?xml version="1.0" encoding="UTF-8"?>
<!-- Generated by org.testng.reporters.JUnitReportReporter -->
<testsuite hostname="DESKTOP-SFQQR9U" failures="0" tests="3" name="runner.Campaign_Tag_RunnerClass" time="0.041" errors="0" timestamp="2024-03-26T08:22:06 IST" skipped="0">
  <testcase classname="runner.Campaign_Tag_RunnerClass" name="runScenario" time="0.011"/>
  <system-out/>
  <testcase classname="runner.Campaign_Tag_RunnerClass" name="runScenario" time="0.024"/>
  <system-out/>
  <testcase classname="runner.Campaign_Tag_RunnerClass" name="runScenario" time="0.006"/>
  <system-out/>
</testsuite> <!-- runner.Campaign_Tag_RunnerClass -->
