<?xml version="1.0" encoding="UTF-8"?>
<!-- Generated by org.testng.reporters.JUnitReportReporter -->
<testsuite hostname="DESKTOP-SFQQR9U" failures="0" tests="1" name="runner.Registration_RunnerClass" time="0.016" errors="0" timestamp="2024-03-26T05:35:18 IST" skipped="0">
  <testcase classname="runner.Registration_RunnerClass" name="runScenario" time="0.016"/>
  <system-out/>
</testsuite> <!-- runner.Registration_RunnerClass -->
