<?xml version="1.0" encoding="UTF-8"?>
<!-- Generated by org.testng.reporters.JUnitReportReporter -->
<testsuite hostname="DESKTOP-SFQQR9U" failures="0" tests="3" name="runner.Hooks_RunnerClass" time="0.198" errors="0" timestamp="2024-03-26T08:22:06 IST" skipped="0">
  <testcase classname="runner.Hooks_RunnerClass" name="runScenario" time="0.169"/>
  <system-out/>
  <testcase classname="runner.Hooks_RunnerClass" name="runScenario" time="0.018"/>
  <system-out/>
  <testcase classname="runner.Hooks_RunnerClass" name="runScenario" time="0.011"/>
  <system-out/>
</testsuite> <!-- runner.Hooks_RunnerClass -->
