<?xml version="1.0" encoding="UTF-8"?>
<!-- Generated by org.testng.reporters.JUnitReportReporter -->
<testsuite hostname="DESKTOP-SFQQR9U" failures="0" tests="3" name="runner.TaggedHook_RunnerClass" time="0.020" errors="0" timestamp="2024-03-26T08:22:06 IST" skipped="0">
  <testcase classname="runner.TaggedHook_RunnerClass" name="runScenario" time="0.016"/>
  <system-out/>
  <testcase classname="runner.TaggedHook_RunnerClass" name="runScenario" time="0.004"/>
  <system-out/>
  <testcase classname="runner.TaggedHook_RunnerClass" name="runScenario" time="0.000"/>
  <system-out/>
</testsuite> <!-- runner.TaggedHook_RunnerClass -->
