<?xml version="1.0" encoding="UTF-8"?>
<!-- Generated by org.testng.reporters.JUnitReportReporter -->
<testsuite hostname="DESKTOP-SFQQR9U" failures="0" tests="3" name="runner.TaggedHook_RunnerClass" time="0.029" errors="0" timestamp="2024-03-26T05:35:18 IST" skipped="0">
  <testcase classname="runner.TaggedHook_RunnerClass" name="runScenario" time="0.012"/>
  <system-out/>
  <testcase classname="runner.TaggedHook_RunnerClass" name="runScenario" time="0.007"/>
  <system-out/>
  <testcase classname="runner.TaggedHook_RunnerClass" name="runScenario" time="0.010"/>
  <system-out/>
</testsuite> <!-- runner.TaggedHook_RunnerClass -->
