<?xml version="1.0" encoding="UTF-8"?>
<!-- Generated by org.testng.reporters.JUnitReportReporter -->
<testsuite hostname="DESKTOP-SFQQR9U" failures="0" tests="2" name="runner.RunnerClass" time="0.056" errors="0" timestamp="2024-03-26T05:35:18 IST" skipped="0">
  <testcase classname="runner.RunnerClass" name="runScenario" time="0.039"/>
  <system-out/>
  <testcase classname="runner.RunnerClass" name="runScenario" time="0.017"/>
  <system-out/>
</testsuite> <!-- runner.RunnerClass -->
