<?xml version="1.0" encoding="UTF-8"?>
<!-- Generated by org.testng.reporters.JUnitReportReporter -->
<testsuite hostname="DESKTOP-SFQQR9U" failures="0" tests="3" name="runner.Hooks_RunnerClass" time="0.227" errors="0" timestamp="2024-03-26T05:35:18 IST" skipped="0">
  <testcase classname="runner.Hooks_RunnerClass" name="runScenario" time="0.196"/>
  <system-out/>
  <testcase classname="runner.Hooks_RunnerClass" name="runScenario" time="0.020"/>
  <system-out/>
  <testcase classname="runner.Hooks_RunnerClass" name="runScenario" time="0.011"/>
  <system-out/>
</testsuite> <!-- runner.Hooks_RunnerClass -->
