<?xml version="1.0" encoding="UTF-8"?>
<!-- Generated by org.testng.reporters.JUnitReportReporter -->
<testsuite hostname="DESKTOP-SFQQR9U" failures="0" tests="3" name="runner.Campaign_Tag_RunnerClass" time="0.019" errors="0" timestamp="2024-03-26T05:35:18 IST" skipped="0">
  <testcase classname="runner.Campaign_Tag_RunnerClass" name="runScenario" time="0.006"/>
  <system-out/>
  <testcase classname="runner.Campaign_Tag_RunnerClass" name="runScenario" time="0.006"/>
  <system-out/>
  <testcase classname="runner.Campaign_Tag_RunnerClass" name="runScenario" time="0.007"/>
  <system-out/>
</testsuite> <!-- runner.Campaign_Tag_RunnerClass -->
